<?xml version="1.0" encoding="UTF-8"?>
<testsuite name="runner.cucumberTest" tests="2" skipped="0" failures="0" errors="0" timestamp="2023-10-31T06:51:31" hostname="RTWP" time="5.278">
  <properties/>
  <testcase name="Login using valid email and password" classname="runner.cucumberTest" time="3.166"/>
  <testcase name="Login using invalid email and password" classname="runner.cucumberTest" time="2.111"/>
  <system-out><![CDATA[
@login @valid-login
Scenario: Login using valid email and password ?[90m# src/test/resources/login.feature:5?[0m
Before Test
  ?[32mGiven ?[0m?[32muser is on login page?[0m                  ?[90m# stepDef.loginStepDef.userIsOnLoginPage()?[0m
  ?[32mAnd ?[0m?[32muser input username with ?[0m?[32m?[1m"standard_user"?[0m ?[90m# stepDef.loginStepDef.userInputUsernameWith(java.lang.String)?[0m
  ?[32mAnd ?[0m?[32muser input password with ?[0m?[32m?[1m"secret_sauce"?[0m  ?[90m# stepDef.loginStepDef.userInputPasswordWith(java.lang.String)?[0m
  ?[32mWhen ?[0m?[32muser click login button?[0m                 ?[90m# stepDef.loginStepDef.userClickLoginButton()?[0m
  ?[32mThen ?[0m?[32muser is on homepage?[0m                     ?[90m# stepDef.homeStepdef.userIsOnHomepage()?[0m
After Test

@login @invalid-login
Scenario: Login using invalid email and password                                                                  ?[90m# src/test/resources/login.feature:13?[0m
Before Test
  ?[32mGiven ?[0m?[32muser is on login page?[0m                                                                                     ?[90m# stepDef.loginStepDef.userIsOnLoginPage()?[0m
  ?[32mAnd ?[0m?[32muser input username with ?[0m?[32m?[1m"standard_user"?[0m                                                                    ?[90m# stepDef.loginStepDef.userInputUsernameWith(java.lang.String)?[0m
  ?[32mAnd ?[0m?[32muser input password with ?[0m?[32m?[1m"invalid"?[0m                                                                          ?[90m# stepDef.loginStepDef.userInputPasswordWith(java.lang.String)?[0m
  ?[32mWhen ?[0m?[32muser click login button?[0m                                                                                    ?[90m# stepDef.loginStepDef.userClickLoginButton()?[0m
  ?[32mThen ?[0m?[32muser able to see error message ?[0m?[32m?[1m"Epic sadface: Username and password do not match any user in this service"?[0m ?[90m# stepDef.loginStepDef.userAbleToSeeErrorMessage(java.lang.String)?[0m
After Test
]]></system-out>
  <system-err><![CDATA[SLF4J: No SLF4J providers were found.
SLF4J: Defaulting to no-operation (NOP) logger implementation
SLF4J: See https://www.slf4j.org/codes.html#noProviders for further details.
]]></system-err>
</testsuite>
